Traceback (most recent call last):
  File "/opt/hostedtoolcache/Python/3.8.12/x64/lib/python3.8/site-packages/jupyter_cache/executors/utils.py", line 51, in single_nb_execution
    executenb(
  File "/opt/hostedtoolcache/Python/3.8.12/x64/lib/python3.8/site-packages/nbclient/client.py", line 1093, in execute
    return NotebookClient(nb=nb, resources=resources, km=km, **kwargs).execute()
  File "/opt/hostedtoolcache/Python/3.8.12/x64/lib/python3.8/site-packages/nbclient/util.py", line 84, in wrapped
    return just_run(coro(*args, **kwargs))
  File "/opt/hostedtoolcache/Python/3.8.12/x64/lib/python3.8/site-packages/nbclient/util.py", line 62, in just_run
    return loop.run_until_complete(coro)
  File "/opt/hostedtoolcache/Python/3.8.12/x64/lib/python3.8/asyncio/base_events.py", line 616, in run_until_complete
    return future.result()
  File "/opt/hostedtoolcache/Python/3.8.12/x64/lib/python3.8/site-packages/nbclient/client.py", line 559, in async_execute
    await self.async_execute_cell(
  File "/opt/hostedtoolcache/Python/3.8.12/x64/lib/python3.8/site-packages/nbclient/client.py", line 854, in async_execute_cell
    self._check_raise_for_error(cell, exec_reply)
  File "/opt/hostedtoolcache/Python/3.8.12/x64/lib/python3.8/site-packages/nbclient/client.py", line 756, in _check_raise_for_error
    raise CellExecutionError.from_cell_and_msg(cell, exec_reply_content)
nbclient.exceptions.CellExecutionError: An error occurred while executing the following cell:
------------------
import numpy as np

from bokeh.plotting import figure, show, output_notebook
output_notebook()
from bokeh.layouts import column, row
from bokeh.models import CustomJS, Slider
from bokeh.plotting import ColumnDataSource, figure, show

x = np.linspace(0, 10, 500)
y = np.sin(x)

source = ColumnDataSource(data=dict(x=x, y=y))

plot = figure(y_range=(-10, 10), width=800, height=400)

plot.line('x', 'y', source=source, line_width=3, line_alpha=0.6)

amp_slider = Slider(start=0.1, end=10, value=1, step=.1, title="Amplitude")
freq_slider = Slider(start=0.1, end=10, value=1, step=.1, title="Frequency")
phase_slider = Slider(start=0, end=6.4, value=0, step=.1, title="Phase")
offset_slider = Slider(start=-5, end=5, value=0, step=.1, title="Offset")

callback = CustomJS(args=dict(source=source, amp=amp_slider, freq=freq_slider, phase=phase_slider, offset=offset_slider),
                    code="""
    const data = source.data;
    const A = amp.value;
    const k = freq.value;
    const phi = phase.value;
    const B = offset.value;
    const x = data['x']
    const y = data['y']
    for (let i = 0; i < x.length; i++) {
        y[i] = B + A*Math.sin(k*x[i]+phi);
    }
    source.change.emit();
""")

amp_slider.js_on_change('value', callback)
freq_slider.js_on_change('value', callback)
phase_slider.js_on_change('value', callback)
offset_slider.js_on_change('value', callback)

layout = column(
    plot,
    # row(amp_slider, freq_slider, phase_slider, offset_slider),
)

show(layout)
------------------

[0;31m---------------------------------------------------------------------------[0m
[0;31mModuleNotFoundError[0m                       Traceback (most recent call last)
[0;32m/tmp/ipykernel_1656/1138394697.py[0m in [0;36m<module>[0;34m[0m
[0;32m----> 1[0;31m [0;32mimport[0m [0mnumpy[0m [0;32mas[0m [0mnp[0m[0;34m[0m[0;34m[0m[0m
[0m[1;32m      2[0m [0;34m[0m[0m
[1;32m      3[0m [0;32mfrom[0m [0mbokeh[0m[0;34m.[0m[0mplotting[0m [0;32mimport[0m [0mfigure[0m[0;34m,[0m [0mshow[0m[0;34m,[0m [0moutput_notebook[0m[0;34m[0m[0;34m[0m[0m
[1;32m      4[0m [0moutput_notebook[0m[0;34m([0m[0;34m)[0m[0;34m[0m[0;34m[0m[0m
[1;32m      5[0m [0;32mfrom[0m [0mbokeh[0m[0;34m.[0m[0mlayouts[0m [0;32mimport[0m [0mcolumn[0m[0;34m,[0m [0mrow[0m[0;34m[0m[0;34m[0m[0m

[0;31mModuleNotFoundError[0m: No module named 'numpy'
ModuleNotFoundError: No module named 'numpy'

